F3BD .START phpCAS-1.2.2 ****************** [CAS.php:478]
F3BD .=> phpCAS::client('2.0', 'cas-auth.rpi.edu', 443, '/cas') [CAS.php:17]
F3BD .|    => CAS_Client::__construct('2.0', false, 'cas-auth.rpi.edu', 443, '/cas', true) [CAS.php:379]
F3BD .|    |    Starting a new session [Client.php:710]
F3BD .|    <= ''
F3BD .<= ''
F3BD .=> phpCAS::setNoCasServerValidation() [CAS.php:18]
F3BD .<= ''
F3BD .=> phpCAS::checkAuthentication() [CAS.php:39]
F3BD .|    => CAS_Client::checkAuthentication() [CAS.php:1053]
F3BD .|    |    => CAS_Client::isAuthenticated() [Client.php:1005]
F3BD .|    |    |    => CAS_Client::wasPreviouslyAuthenticated() [Client.php:1058]
F3BD .|    |    |    |    user = `lbassb' [Client.php:1229]
F3BD .|    |    |    |    proxies = "" [Client.php:1234]
F3BD .|    |    |    <= true
F3BD .|    |    |    user was already authenticated, no need to look for tickets [Client.php:1069]
F3BD .|    |    <= true
F3BD .|    |    user is authenticated [Client.php:1006]
F3BD .|    <= true
F3BD .<= true
DDEC .START phpCAS-1.2.2 ****************** [CAS.php:478]
DDEC .=> phpCAS::client('2.0', 'cas-auth.rpi.edu', 443, '/cas') [CAS.php:17]
DDEC .|    => CAS_Client::__construct('2.0', false, 'cas-auth.rpi.edu', 443, '/cas', true) [CAS.php:379]
DDEC .|    |    Starting a new session [Client.php:710]
DDEC .|    <= ''
DDEC .<= ''
DDEC .=> phpCAS::setNoCasServerValidation() [CAS.php:18]
DDEC .<= ''
DDEC .=> phpCAS::checkAuthentication() [CAS.php:39]
DDEC .|    => CAS_Client::checkAuthentication() [CAS.php:1053]
DDEC .|    |    => CAS_Client::isAuthenticated() [Client.php:1005]
DDEC .|    |    |    => CAS_Client::wasPreviouslyAuthenticated() [Client.php:1058]
DDEC .|    |    |    |    user = `lbassb' [Client.php:1229]
DDEC .|    |    |    |    proxies = "" [Client.php:1234]
DDEC .|    |    |    <= true
DDEC .|    |    |    user was already authenticated, no need to look for tickets [Client.php:1069]
DDEC .|    |    <= true
DDEC .|    |    user is authenticated [Client.php:1006]
DDEC .|    <= true
DDEC .<= true
C2D6 .START phpCAS-1.2.2 ****************** [CAS.php:478]
C2D6 .=> phpCAS::client('2.0', 'cas-auth.rpi.edu', 443, '/cas') [CAS.php:17]
C2D6 .|    => CAS_Client::__construct('2.0', false, 'cas-auth.rpi.edu', 443, '/cas', true) [CAS.php:379]
C2D6 .|    |    Starting a new session [Client.php:710]
C2D6 .|    <= ''
C2D6 .<= ''
C2D6 .=> phpCAS::setNoCasServerValidation() [CAS.php:18]
C2D6 .<= ''
C2D6 .=> phpCAS::checkAuthentication() [CAS.php:39]
C2D6 .|    => CAS_Client::checkAuthentication() [CAS.php:1053]
C2D6 .|    |    => CAS_Client::isAuthenticated() [Client.php:1005]
C2D6 .|    |    |    => CAS_Client::wasPreviouslyAuthenticated() [Client.php:1058]
C2D6 .|    |    |    |    user = `lbassb' [Client.php:1229]
C2D6 .|    |    |    |    proxies = "" [Client.php:1234]
C2D6 .|    |    |    <= true
C2D6 .|    |    |    user was already authenticated, no need to look for tickets [Client.php:1069]
C2D6 .|    |    <= true
C2D6 .|    |    user is authenticated [Client.php:1006]
C2D6 .|    <= true
C2D6 .<= true
E830 .START phpCAS-1.2.2 ****************** [CAS.php:478]
E830 .=> phpCAS::client('2.0', 'cas-auth.rpi.edu', 443, '/cas') [CAS.php:17]
E830 .|    => CAS_Client::__construct('2.0', false, 'cas-auth.rpi.edu', 443, '/cas', true) [CAS.php:379]
E830 .|    |    Starting a new session [Client.php:710]
E830 .|    <= ''
E830 .<= ''
E830 .=> phpCAS::setNoCasServerValidation() [CAS.php:18]
E830 .<= ''
E830 .=> phpCAS::checkAuthentication() [CAS.php:39]
E830 .|    => CAS_Client::checkAuthentication() [CAS.php:1053]
E830 .|    |    => CAS_Client::isAuthenticated() [Client.php:1005]
E830 .|    |    |    => CAS_Client::wasPreviouslyAuthenticated() [Client.php:1058]
E830 .|    |    |    |    user = `lbassb' [Client.php:1229]
E830 .|    |    |    |    proxies = "" [Client.php:1234]
E830 .|    |    |    <= true
E830 .|    |    |    user was already authenticated, no need to look for tickets [Client.php:1069]
E830 .|    |    <= true
E830 .|    |    user is authenticated [Client.php:1006]
E830 .|    <= true
E830 .<= true
965D .START phpCAS-1.2.2 ****************** [CAS.php:478]
965D .=> phpCAS::client('2.0', 'cas-auth.rpi.edu', 443, '/cas') [CAS.php:17]
965D .|    => CAS_Client::__construct('2.0', false, 'cas-auth.rpi.edu', 443, '/cas', true) [CAS.php:379]
965D .|    |    Starting a new session [Client.php:710]
965D .|    <= ''
965D .<= ''
965D .=> phpCAS::setNoCasServerValidation() [CAS.php:18]
965D .<= ''
965D .=> phpCAS::checkAuthentication() [CAS.php:39]
965D .|    => CAS_Client::checkAuthentication() [CAS.php:1053]
965D .|    |    => CAS_Client::isAuthenticated() [Client.php:1005]
965D .|    |    |    => CAS_Client::wasPreviouslyAuthenticated() [Client.php:1058]
965D .|    |    |    |    user = `lbassb' [Client.php:1229]
965D .|    |    |    |    proxies = "" [Client.php:1234]
965D .|    |    |    <= true
965D .|    |    |    user was already authenticated, no need to look for tickets [Client.php:1069]
965D .|    |    <= true
965D .|    |    user is authenticated [Client.php:1006]
965D .|    <= true
965D .<= true
F1FF .START phpCAS-1.2.2 ****************** [CAS.php:478]
F1FF .=> phpCAS::client('2.0', 'cas-auth.rpi.edu', 443, '/cas') [CAS.php:17]
F1FF .|    => CAS_Client::__construct('2.0', false, 'cas-auth.rpi.edu', 443, '/cas', true) [CAS.php:379]
F1FF .|    |    Starting a new session [Client.php:710]
F1FF .|    <= ''
F1FF .<= ''
F1FF .=> phpCAS::setNoCasServerValidation() [CAS.php:18]
F1FF .<= ''
F1FF .=> phpCAS::checkAuthentication() [CAS.php:39]
F1FF .|    => CAS_Client::checkAuthentication() [CAS.php:1053]
F1FF .|    |    => CAS_Client::isAuthenticated() [Client.php:1005]
F1FF .|    |    |    => CAS_Client::wasPreviouslyAuthenticated() [Client.php:1058]
F1FF .|    |    |    |    user = `lbassb' [Client.php:1229]
F1FF .|    |    |    |    proxies = "" [Client.php:1234]
F1FF .|    |    |    <= true
F1FF .|    |    |    user was already authenticated, no need to look for tickets [Client.php:1069]
F1FF .|    |    <= true
F1FF .|    |    user is authenticated [Client.php:1006]
F1FF .|    <= true
F1FF .<= true
1353 .START phpCAS-1.2.2 ****************** [CAS.php:478]
1353 .=> phpCAS::client('2.0', 'cas-auth.rpi.edu', 443, '/cas') [CAS.php:17]
1353 .|    => CAS_Client::__construct('2.0', false, 'cas-auth.rpi.edu', 443, '/cas', true) [CAS.php:379]
1353 .|    |    Starting a new session [Client.php:710]
1353 .|    <= ''
1353 .<= ''
1353 .=> phpCAS::setNoCasServerValidation() [CAS.php:18]
1353 .<= ''
1353 .=> phpCAS::checkAuthentication() [CAS.php:39]
1353 .|    => CAS_Client::checkAuthentication() [CAS.php:1053]
1353 .|    |    => CAS_Client::isAuthenticated() [Client.php:1005]
1353 .|    |    |    => CAS_Client::wasPreviouslyAuthenticated() [Client.php:1058]
1353 .|    |    |    |    user = `lbassb' [Client.php:1229]
1353 .|    |    |    |    proxies = "" [Client.php:1234]
1353 .|    |    |    <= true
1353 .|    |    |    user was already authenticated, no need to look for tickets [Client.php:1069]
1353 .|    |    <= true
1353 .|    |    user is authenticated [Client.php:1006]
1353 .|    <= true
1353 .<= true
5EB0 .START phpCAS-1.2.2 ****************** [CAS.php:478]
5EB0 .=> phpCAS::client('2.0', 'cas-auth.rpi.edu', 443, '/cas') [CAS.php:17]
5EB0 .|    => CAS_Client::__construct('2.0', false, 'cas-auth.rpi.edu', 443, '/cas', true) [CAS.php:379]
5EB0 .|    |    Starting a new session [Client.php:710]
5EB0 .|    <= ''
5EB0 .<= ''
5EB0 .=> phpCAS::setNoCasServerValidation() [CAS.php:18]
5EB0 .<= ''
5EB0 .=> phpCAS::checkAuthentication() [CAS.php:39]
5EB0 .|    => CAS_Client::checkAuthentication() [CAS.php:1053]
5EB0 .|    |    => CAS_Client::isAuthenticated() [Client.php:1005]
5EB0 .|    |    |    => CAS_Client::wasPreviouslyAuthenticated() [Client.php:1058]
5EB0 .|    |    |    |    user = `lbassb' [Client.php:1229]
5EB0 .|    |    |    |    proxies = "" [Client.php:1234]
5EB0 .|    |    |    <= true
5EB0 .|    |    |    user was already authenticated, no need to look for tickets [Client.php:1069]
5EB0 .|    |    <= true
5EB0 .|    |    user is authenticated [Client.php:1006]
5EB0 .|    <= true
5EB0 .<= true
597F .START phpCAS-1.2.2 ****************** [CAS.php:478]
597F .=> phpCAS::client('2.0', 'cas-auth.rpi.edu', 443, '/cas') [CAS.php:17]
597F .|    => CAS_Client::__construct('2.0', false, 'cas-auth.rpi.edu', 443, '/cas', true) [CAS.php:379]
597F .|    |    Starting a new session [Client.php:710]
597F .|    <= ''
597F .<= ''
597F .=> phpCAS::setNoCasServerValidation() [CAS.php:18]
597F .<= ''
597F .=> phpCAS::checkAuthentication() [CAS.php:39]
597F .|    => CAS_Client::checkAuthentication() [CAS.php:1053]
597F .|    |    => CAS_Client::isAuthenticated() [Client.php:1005]
597F .|    |    |    => CAS_Client::wasPreviouslyAuthenticated() [Client.php:1058]
597F .|    |    |    |    user = `lbassb' [Client.php:1229]
597F .|    |    |    |    proxies = "" [Client.php:1234]
597F .|    |    |    <= true
597F .|    |    |    user was already authenticated, no need to look for tickets [Client.php:1069]
597F .|    |    <= true
597F .|    |    user is authenticated [Client.php:1006]
597F .|    <= true
597F .<= true
B899 .START phpCAS-1.2.2 ****************** [CAS.php:478]
B899 .=> phpCAS::client('2.0', 'cas-auth.rpi.edu', 443, '/cas') [CAS.php:17]
B899 .|    => CAS_Client::__construct('2.0', false, 'cas-auth.rpi.edu', 443, '/cas', true) [CAS.php:379]
B899 .|    |    Starting a new session [Client.php:710]
B899 .|    <= ''
B899 .<= ''
B899 .=> phpCAS::setNoCasServerValidation() [CAS.php:18]
B899 .<= ''
B899 .=> phpCAS::checkAuthentication() [CAS.php:39]
B899 .|    => CAS_Client::checkAuthentication() [CAS.php:1053]
B899 .|    |    => CAS_Client::isAuthenticated() [Client.php:1005]
B899 .|    |    |    => CAS_Client::wasPreviouslyAuthenticated() [Client.php:1058]
B899 .|    |    |    |    user = `lbassb' [Client.php:1229]
B899 .|    |    |    |    proxies = "" [Client.php:1234]
B899 .|    |    |    <= true
B899 .|    |    |    user was already authenticated, no need to look for tickets [Client.php:1069]
B899 .|    |    <= true
B899 .|    |    user is authenticated [Client.php:1006]
B899 .|    <= true
B899 .<= true
9641 .START phpCAS-1.2.2 ****************** [CAS.php:478]
9641 .=> phpCAS::client('2.0', 'cas-auth.rpi.edu', 443, '/cas') [CAS.php:17]
9641 .|    => CAS_Client::__construct('2.0', false, 'cas-auth.rpi.edu', 443, '/cas', true) [CAS.php:379]
9641 .|    |    Starting a new session [Client.php:710]
9641 .|    <= ''
9641 .<= ''
9641 .=> phpCAS::setNoCasServerValidation() [CAS.php:18]
9641 .<= ''
9641 .=> phpCAS::logout() [CAS.php:32]
9641 .|    => CAS_Client::logout(array ()) [CAS.php:1451]
9641 .|    |    Prepare redirect to : https://cas-auth.rpi.edu/cas/logout [Client.php:1285]
9641 .|    |    exit()
9641 .|    |    -
9641 .|    -
3916 .START phpCAS-1.2.2 ****************** [CAS.php:478]
3916 .=> phpCAS::client('2.0', 'cas-auth.rpi.edu', 443, '/cas') [CAS.php:17]
3916 .|    => CAS_Client::__construct('2.0', false, 'cas-auth.rpi.edu', 443, '/cas', true) [CAS.php:379]
3916 .|    |    Starting a new session [Client.php:710]
3916 .|    <= ''
3916 .<= ''
3916 .=> phpCAS::setNoCasServerValidation() [CAS.php:18]
3916 .<= ''
3916 .=> phpCAS::checkAuthentication() [CAS.php:39]
3916 .|    => CAS_Client::checkAuthentication() [CAS.php:1053]
3916 .|    |    => CAS_Client::isAuthenticated() [Client.php:1005]
3916 .|    |    |    => CAS_Client::wasPreviouslyAuthenticated() [Client.php:1058]
3916 .|    |    |    |    no user found [Client.php:1239]
3916 .|    |    |    <= false
3916 .|    |    |    no ticket found [Client.php:1120]
3916 .|    |    <= false
3916 .|    |    user is not authenticated (cache reset) [Client.php:1036]
3916 .|    |    => CAS_Client::redirectToCas(true) [Client.php:1037]
3916 .|    |    |    => CAS_Client::getServerLoginURL(true, false) [Client.php:1255]
3916 .|    |    |    |    => CAS_Client::getURL() [Client.php:356]
3916 .|    |    |    |    |    Final URI: http://test.sdd/ [Client.php:2886]
3916 .|    |    |    |    <= 'http://test.sdd/'
3916 .|    |    |    <= 'https://cas-auth.rpi.edu/cas/login?service=http%3A%2F%2Ftest.sdd%2F&gateway=true'
3916 .|    |    |    Redirect to : https://cas-auth.rpi.edu/cas/login?service=http%3A%2F%2Ftest.sdd%2F&gateway=true [Client.php:1257]
3916 .|    |    |    exit()
3916 .|    |    |    -
3916 .|    |    -
3916 .|    -
AB8E .START phpCAS-1.2.2 ****************** [CAS.php:478]
AB8E .=> phpCAS::client('2.0', 'cas-auth.rpi.edu', 443, '/cas') [CAS.php:17]
AB8E .|    => CAS_Client::__construct('2.0', false, 'cas-auth.rpi.edu', 443, '/cas', true) [CAS.php:379]
AB8E .|    |    Starting a new session [Client.php:710]
AB8E .|    <= ''
AB8E .<= ''
AB8E .=> phpCAS::setNoCasServerValidation() [CAS.php:18]
AB8E .<= ''
AB8E .=> phpCAS::checkAuthentication() [CAS.php:39]
AB8E .|    => CAS_Client::checkAuthentication() [CAS.php:1053]
AB8E .|    |    => CAS_Client::isAuthenticated() [Client.php:1005]
AB8E .|    |    |    => CAS_Client::wasPreviouslyAuthenticated() [Client.php:1058]
AB8E .|    |    |    |    no user found [Client.php:1239]
AB8E .|    |    |    <= false
AB8E .|    |    |    no ticket found [Client.php:1120]
AB8E .|    |    <= false
AB8E .|    <= false
AB8E .<= false
A9A8 .START phpCAS-1.2.2 ****************** [CAS.php:478]
A9A8 .=> phpCAS::client('2.0', 'cas-auth.rpi.edu', 443, '/cas') [CAS.php:17]
A9A8 .|    => CAS_Client::__construct('2.0', false, 'cas-auth.rpi.edu', 443, '/cas', true) [CAS.php:379]
A9A8 .|    |    Starting a new session [Client.php:710]
A9A8 .|    <= ''
A9A8 .<= ''
A9A8 .=> phpCAS::setNoCasServerValidation() [CAS.php:18]
A9A8 .<= ''
A9A8 .=> phpCAS::forceAuthentication() [CAS.php:25]
A9A8 .|    => CAS_Client::forceAuthentication() [CAS.php:1081]
A9A8 .|    |    => CAS_Client::isAuthenticated() [Client.php:962]
A9A8 .|    |    |    => CAS_Client::wasPreviouslyAuthenticated() [Client.php:1058]
A9A8 .|    |    |    |    no user found [Client.php:1239]
A9A8 .|    |    |    <= false
A9A8 .|    |    |    no ticket found [Client.php:1120]
A9A8 .|    |    <= false
A9A8 .|    |    => CAS_Client::redirectToCas(false) [Client.php:971]
A9A8 .|    |    |    => CAS_Client::getServerLoginURL(false, false) [Client.php:1255]
A9A8 .|    |    |    |    => CAS_Client::getURL() [Client.php:356]
A9A8 .|    |    |    |    |    Final URI: http://test.sdd/?login= [Client.php:2886]
A9A8 .|    |    |    |    <= 'http://test.sdd/?login='
A9A8 .|    |    |    <= 'https://cas-auth.rpi.edu/cas/login?service=http%3A%2F%2Ftest.sdd%2F%3Flogin%3D'
A9A8 .|    |    |    Redirect to : https://cas-auth.rpi.edu/cas/login?service=http%3A%2F%2Ftest.sdd%2F%3Flogin%3D [Client.php:1257]
A9A8 .|    |    |    exit()
A9A8 .|    |    |    -
A9A8 .|    |    -
A9A8 .|    -
D63F .START phpCAS-1.2.2 ****************** [CAS.php:478]
D63F .=> phpCAS::client('2.0', 'cas-auth.rpi.edu', 443, '/cas') [CAS.php:17]
D63F .|    => CAS_Client::__construct('2.0', false, 'cas-auth.rpi.edu', 443, '/cas', true) [CAS.php:379]
D63F .|    |    Starting a new session [Client.php:710]
D63F .|    |    ST or PT 'ST-53876-nzqGh6a1jJXLEAhDVq6y-cas' found [Client.php:796]
D63F .|    <= ''
D63F .<= ''
D63F .=> phpCAS::setNoCasServerValidation() [CAS.php:18]
D63F .<= ''
D63F .=> phpCAS::forceAuthentication() [CAS.php:25]
D63F .|    => CAS_Client::forceAuthentication() [CAS.php:1081]
D63F .|    |    => CAS_Client::isAuthenticated() [Client.php:962]
D63F .|    |    |    => CAS_Client::wasPreviouslyAuthenticated() [Client.php:1058]
D63F .|    |    |    |    no user found [Client.php:1239]
D63F .|    |    |    <= false
D63F .|    |    |    PT `ST-53876-nzqGh6a1jJXLEAhDVq6y-cas' is present [Client.php:1093]
D63F .|    |    |    => CAS_Client::validatePT('', NULL, NULL) [Client.php:1094]
D63F .|    |    |    |     [Client.php:2584]
D63F .|    |    |    |    => CAS_Client::getServerProxyValidateURL() [Client.php:2586]
D63F .|    |    |    |    |    => CAS_Client::getURL() [Client.php:475]
D63F .|    |    |    |    |    |    Final URI: http://test.sdd/?login= [Client.php:2886]
D63F .|    |    |    |    |    <= 'http://test.sdd/?login='
D63F .|    |    |    |    <= 'https://cas-auth.rpi.edu/cas/proxyValidate?service=http%3A%2F%2Ftest.sdd%2F%3Flogin%3D'
D63F .|    |    |    |    => CAS_CurlRequest::_sendRequest() [AbstractRequest.php:191]
D63F .|    |    |    |    |    Response Body: 
D63F .|    |    |    |    |    <cas:serviceResponse xmlns:cas='http://www.yale.edu/tp/cas'>
D63F .|    |    |    |    |    	<cas:authenticationSuccess>
D63F .|    |    |    |    |    		<cas:user>lbassb</cas:user>
D63F .|    |    |    |    |    
D63F .|    |    |    |    |    
D63F .|    |    |    |    |    	</cas:authenticationSuccess>
D63F .|    |    |    |    |    </cas:serviceResponse>
D63F .|    |    |    |    |     [CurlRequest.php:133]
D63F .|    |    |    |    <= true
D63F .|    |    |    |    => CAS_Client::readExtraAttributesCas20(DOMNodeList) [Client.php:2646]
D63F .|    |    |    |    |    Testing for rubycas style attributes [Client.php:2741]
D63F .|    |    |    |    <= ''
D63F .|    |    |    |    => CAS_Client::renameSession('ST-53876-nzqGh6a1jJXLEAhDVq6y-cas') [Client.php:2675]
D63F .|    |    |    |    |    Session ID: ST53876nzqGh6a1jJXLEAhDVq6ycas [Client.php:2977]
D63F .|    |    |    |    |    Restoring old session vars [Client.php:2980]
D63F .|    |    |    |    <= ''
D63F .|    |    |    <= true
D63F .|    |    |    PT `ST-53876-nzqGh6a1jJXLEAhDVq6y-cas' was validated [Client.php:1095]
D63F .|    |    |    => CAS_Client::getURL() [Client.php:1146]
D63F .|    |    |    <= 'http://test.sdd/?login='
D63F .|    |    |    => CAS_Client::getURL() [Client.php:1147]
D63F .|    |    |    <= 'http://test.sdd/?login='
D63F .|    |    |    Prepare redirect to : http://test.sdd/?login= [Client.php:1147]
D63F .|    |    |    exit()
D63F .|    |    |    -
D63F .|    |    -
D63F .|    -
A377 .START phpCAS-1.2.2 ****************** [CAS.php:478]
A377 .=> phpCAS::client('2.0', 'cas-auth.rpi.edu', 443, '/cas') [CAS.php:17]
A377 .|    => CAS_Client::__construct('2.0', false, 'cas-auth.rpi.edu', 443, '/cas', true) [CAS.php:379]
A377 .|    |    Starting a new session [Client.php:710]
A377 .|    <= ''
A377 .<= ''
A377 .=> phpCAS::setNoCasServerValidation() [CAS.php:18]
A377 .<= ''
A377 .=> phpCAS::forceAuthentication() [CAS.php:25]
A377 .|    => CAS_Client::forceAuthentication() [CAS.php:1081]
A377 .|    |    => CAS_Client::isAuthenticated() [Client.php:962]
A377 .|    |    |    => CAS_Client::wasPreviouslyAuthenticated() [Client.php:1058]
A377 .|    |    |    |    user = `lbassb' [Client.php:1229]
A377 .|    |    |    |    proxies = "" [Client.php:1234]
A377 .|    |    |    <= true
A377 .|    |    |    user was already authenticated, no need to look for tickets [Client.php:1069]
A377 .|    |    <= true
A377 .|    |    no need to authenticate [Client.php:964]
A377 .|    <= true
A377 .|    no need to authenticate (user `lbassb' is already authenticated) [CAS.php:1097]
A377 .<= ''
A377 .=> phpCAS::checkAuthentication() [CAS.php:39]
A377 .|    => CAS_Client::checkAuthentication() [CAS.php:1053]
A377 .|    |    => CAS_Client::isAuthenticated() [Client.php:1005]
A377 .|    |    |    => CAS_Client::wasPreviouslyAuthenticated() [Client.php:1058]
A377 .|    |    |    |    user = `lbassb' [Client.php:1229]
A377 .|    |    |    |    proxies = "" [Client.php:1234]
A377 .|    |    |    <= true
A377 .|    |    |    user was already authenticated, no need to look for tickets [Client.php:1069]
A377 .|    |    <= true
A377 .|    |    user is authenticated [Client.php:1006]
A377 .|    <= true
A377 .<= true
FA45 .START phpCAS-1.2.2 ****************** [CAS.php:478]
FA45 .=> phpCAS::client('2.0', 'cas-auth.rpi.edu', 443, '/cas') [CAS.php:17]
FA45 .|    => CAS_Client::__construct('2.0', false, 'cas-auth.rpi.edu', 443, '/cas', true) [CAS.php:379]
FA45 .|    |    Starting a new session [Client.php:710]
FA45 .|    <= ''
FA45 .<= ''
FA45 .=> phpCAS::setNoCasServerValidation() [CAS.php:18]
FA45 .<= ''
FA45 .=> phpCAS::forceAuthentication() [CAS.php:25]
FA45 .|    => CAS_Client::forceAuthentication() [CAS.php:1081]
FA45 .|    |    => CAS_Client::isAuthenticated() [Client.php:962]
FA45 .|    |    |    => CAS_Client::wasPreviouslyAuthenticated() [Client.php:1058]
FA45 .|    |    |    |    user = `lbassb' [Client.php:1229]
FA45 .|    |    |    |    proxies = "" [Client.php:1234]
FA45 .|    |    |    <= true
FA45 .|    |    |    user was already authenticated, no need to look for tickets [Client.php:1069]
FA45 .|    |    <= true
FA45 .|    |    no need to authenticate [Client.php:964]
FA45 .|    <= true
FA45 .|    no need to authenticate (user `lbassb' is already authenticated) [CAS.php:1097]
FA45 .<= ''
FA45 .=> phpCAS::checkAuthentication() [CAS.php:39]
FA45 .|    => CAS_Client::checkAuthentication() [CAS.php:1053]
FA45 .|    |    => CAS_Client::isAuthenticated() [Client.php:1005]
FA45 .|    |    |    => CAS_Client::wasPreviouslyAuthenticated() [Client.php:1058]
FA45 .|    |    |    |    user = `lbassb' [Client.php:1229]
FA45 .|    |    |    |    proxies = "" [Client.php:1234]
FA45 .|    |    |    <= true
FA45 .|    |    |    user was already authenticated, no need to look for tickets [Client.php:1069]
FA45 .|    |    <= true
FA45 .|    |    user is authenticated [Client.php:1006]
FA45 .|    <= true
FA45 .<= true
DEBF .START phpCAS-1.2.2 ****************** [CAS.php:478]
DEBF .=> phpCAS::client('2.0', 'cas-auth.rpi.edu', 443, '/cas') [CAS.php:17]
DEBF .|    => CAS_Client::__construct('2.0', false, 'cas-auth.rpi.edu', 443, '/cas', true) [CAS.php:379]
DEBF .|    |    Starting a new session [Client.php:710]
DEBF .|    <= ''
DEBF .<= ''
DEBF .=> phpCAS::setNoCasServerValidation() [CAS.php:18]
DEBF .<= ''
DEBF .=> phpCAS::forceAuthentication() [CAS.php:25]
DEBF .|    => CAS_Client::forceAuthentication() [CAS.php:1081]
DEBF .|    |    => CAS_Client::isAuthenticated() [Client.php:962]
DEBF .|    |    |    => CAS_Client::wasPreviouslyAuthenticated() [Client.php:1058]
DEBF .|    |    |    |    user = `lbassb' [Client.php:1229]
DEBF .|    |    |    |    proxies = "" [Client.php:1234]
DEBF .|    |    |    <= true
DEBF .|    |    |    user was already authenticated, no need to look for tickets [Client.php:1069]
DEBF .|    |    <= true
DEBF .|    |    no need to authenticate [Client.php:964]
DEBF .|    <= true
DEBF .|    no need to authenticate (user `lbassb' is already authenticated) [CAS.php:1097]
DEBF .<= ''
DEBF .=> phpCAS::checkAuthentication() [CAS.php:39]
DEBF .|    => CAS_Client::checkAuthentication() [CAS.php:1053]
DEBF .|    |    => CAS_Client::isAuthenticated() [Client.php:1005]
DEBF .|    |    |    => CAS_Client::wasPreviouslyAuthenticated() [Client.php:1058]
DEBF .|    |    |    |    user = `lbassb' [Client.php:1229]
DEBF .|    |    |    |    proxies = "" [Client.php:1234]
DEBF .|    |    |    <= true
DEBF .|    |    |    user was already authenticated, no need to look for tickets [Client.php:1069]
DEBF .|    |    <= true
DEBF .|    |    user is authenticated [Client.php:1006]
DEBF .|    <= true
DEBF .<= true
B534 .START phpCAS-1.2.2 ****************** [CAS.php:478]
B534 .=> phpCAS::client('2.0', 'cas-auth.rpi.edu', 443, '/cas') [CAS.php:17]
B534 .|    => CAS_Client::__construct('2.0', false, 'cas-auth.rpi.edu', 443, '/cas', true) [CAS.php:379]
B534 .|    |    Starting a new session [Client.php:710]
B534 .|    <= ''
B534 .<= ''
B534 .=> phpCAS::setNoCasServerValidation() [CAS.php:18]
B534 .<= ''
B534 .=> phpCAS::forceAuthentication() [CAS.php:25]
B534 .|    => CAS_Client::forceAuthentication() [CAS.php:1081]
B534 .|    |    => CAS_Client::isAuthenticated() [Client.php:962]
B534 .|    |    |    => CAS_Client::wasPreviouslyAuthenticated() [Client.php:1058]
B534 .|    |    |    |    user = `lbassb' [Client.php:1229]
B534 .|    |    |    |    proxies = "" [Client.php:1234]
B534 .|    |    |    <= true
B534 .|    |    |    user was already authenticated, no need to look for tickets [Client.php:1069]
B534 .|    |    <= true
B534 .|    |    no need to authenticate [Client.php:964]
B534 .|    <= true
B534 .|    no need to authenticate (user `lbassb' is already authenticated) [CAS.php:1097]
B534 .<= ''
B534 .=> phpCAS::checkAuthentication() [CAS.php:39]
B534 .|    => CAS_Client::checkAuthentication() [CAS.php:1053]
B534 .|    |    => CAS_Client::isAuthenticated() [Client.php:1005]
B534 .|    |    |    => CAS_Client::wasPreviouslyAuthenticated() [Client.php:1058]
B534 .|    |    |    |    user = `lbassb' [Client.php:1229]
B534 .|    |    |    |    proxies = "" [Client.php:1234]
B534 .|    |    |    <= true
B534 .|    |    |    user was already authenticated, no need to look for tickets [Client.php:1069]
B534 .|    |    <= true
B534 .|    |    user is authenticated [Client.php:1006]
B534 .|    <= true
B534 .<= true
9F42 .START phpCAS-1.2.2 ****************** [CAS.php:478]
9F42 .=> phpCAS::client('2.0', 'cas-auth.rpi.edu', 443, '/cas') [CAS.php:17]
9F42 .|    => CAS_Client::__construct('2.0', false, 'cas-auth.rpi.edu', 443, '/cas', true) [CAS.php:379]
9F42 .|    |    Starting a new session [Client.php:710]
9F42 .|    <= ''
9F42 .<= ''
9F42 .=> phpCAS::setNoCasServerValidation() [CAS.php:18]
9F42 .<= ''
9F42 .=> phpCAS::forceAuthentication() [CAS.php:25]
9F42 .|    => CAS_Client::forceAuthentication() [CAS.php:1081]
9F42 .|    |    => CAS_Client::isAuthenticated() [Client.php:962]
9F42 .|    |    |    => CAS_Client::wasPreviouslyAuthenticated() [Client.php:1058]
9F42 .|    |    |    |    user = `lbassb' [Client.php:1229]
9F42 .|    |    |    |    proxies = "" [Client.php:1234]
9F42 .|    |    |    <= true
9F42 .|    |    |    user was already authenticated, no need to look for tickets [Client.php:1069]
9F42 .|    |    <= true
9F42 .|    |    no need to authenticate [Client.php:964]
9F42 .|    <= true
9F42 .|    no need to authenticate (user `lbassb' is already authenticated) [CAS.php:1097]
9F42 .<= ''
9F42 .=> phpCAS::checkAuthentication() [CAS.php:39]
9F42 .|    => CAS_Client::checkAuthentication() [CAS.php:1053]
9F42 .|    |    => CAS_Client::isAuthenticated() [Client.php:1005]
9F42 .|    |    |    => CAS_Client::wasPreviouslyAuthenticated() [Client.php:1058]
9F42 .|    |    |    |    user = `lbassb' [Client.php:1229]
9F42 .|    |    |    |    proxies = "" [Client.php:1234]
9F42 .|    |    |    <= true
9F42 .|    |    |    user was already authenticated, no need to look for tickets [Client.php:1069]
9F42 .|    |    <= true
9F42 .|    |    user is authenticated [Client.php:1006]
9F42 .|    <= true
9F42 .<= true
487F .START phpCAS-1.2.2 ****************** [CAS.php:478]
487F .=> phpCAS::client('2.0', 'cas-auth.rpi.edu', 443, '/cas') [CAS.php:17]
487F .|    => CAS_Client::__construct('2.0', false, 'cas-auth.rpi.edu', 443, '/cas', true) [CAS.php:379]
487F .|    |    Starting a new session [Client.php:710]
487F .|    <= ''
487F .<= ''
487F .=> phpCAS::setNoCasServerValidation() [CAS.php:18]
487F .<= ''
487F .=> phpCAS::forceAuthentication() [CAS.php:25]
487F .|    => CAS_Client::forceAuthentication() [CAS.php:1081]
487F .|    |    => CAS_Client::isAuthenticated() [Client.php:962]
487F .|    |    |    => CAS_Client::wasPreviouslyAuthenticated() [Client.php:1058]
487F .|    |    |    |    user = `lbassb' [Client.php:1229]
487F .|    |    |    |    proxies = "" [Client.php:1234]
487F .|    |    |    <= true
487F .|    |    |    user was already authenticated, no need to look for tickets [Client.php:1069]
487F .|    |    <= true
487F .|    |    no need to authenticate [Client.php:964]
487F .|    <= true
487F .|    no need to authenticate (user `lbassb' is already authenticated) [CAS.php:1097]
487F .<= ''
487F .=> phpCAS::checkAuthentication() [CAS.php:39]
487F .|    => CAS_Client::checkAuthentication() [CAS.php:1053]
487F .|    |    => CAS_Client::isAuthenticated() [Client.php:1005]
487F .|    |    |    => CAS_Client::wasPreviouslyAuthenticated() [Client.php:1058]
487F .|    |    |    |    user = `lbassb' [Client.php:1229]
487F .|    |    |    |    proxies = "" [Client.php:1234]
487F .|    |    |    <= true
487F .|    |    |    user was already authenticated, no need to look for tickets [Client.php:1069]
487F .|    |    <= true
487F .|    |    user is authenticated [Client.php:1006]
487F .|    <= true
487F .<= true
F73B .START phpCAS-1.2.2 ****************** [CAS.php:478]
F73B .=> phpCAS::client('2.0', 'cas-auth.rpi.edu', 443, '/cas') [CAS.php:17]
F73B .|    => CAS_Client::__construct('2.0', false, 'cas-auth.rpi.edu', 443, '/cas', true) [CAS.php:379]
F73B .|    |    Starting a new session [Client.php:710]
F73B .|    <= ''
F73B .<= ''
F73B .=> phpCAS::setNoCasServerValidation() [CAS.php:18]
F73B .<= ''
F73B .=> phpCAS::forceAuthentication() [CAS.php:25]
F73B .|    => CAS_Client::forceAuthentication() [CAS.php:1081]
F73B .|    |    => CAS_Client::isAuthenticated() [Client.php:962]
F73B .|    |    |    => CAS_Client::wasPreviouslyAuthenticated() [Client.php:1058]
F73B .|    |    |    |    user = `lbassb' [Client.php:1229]
F73B .|    |    |    |    proxies = "" [Client.php:1234]
F73B .|    |    |    <= true
F73B .|    |    |    user was already authenticated, no need to look for tickets [Client.php:1069]
F73B .|    |    <= true
F73B .|    |    no need to authenticate [Client.php:964]
F73B .|    <= true
F73B .|    no need to authenticate (user `lbassb' is already authenticated) [CAS.php:1097]
F73B .<= ''
F73B .=> phpCAS::checkAuthentication() [CAS.php:39]
F73B .|    => CAS_Client::checkAuthentication() [CAS.php:1053]
F73B .|    |    => CAS_Client::isAuthenticated() [Client.php:1005]
F73B .|    |    |    => CAS_Client::wasPreviouslyAuthenticated() [Client.php:1058]
F73B .|    |    |    |    user = `lbassb' [Client.php:1229]
F73B .|    |    |    |    proxies = "" [Client.php:1234]
F73B .|    |    |    <= true
F73B .|    |    |    user was already authenticated, no need to look for tickets [Client.php:1069]
F73B .|    |    <= true
F73B .|    |    user is authenticated [Client.php:1006]
F73B .|    <= true
F73B .<= true
C922 .START phpCAS-1.2.2 ****************** [CAS.php:478]
C922 .=> phpCAS::client('2.0', 'cas-auth.rpi.edu', 443, '/cas') [CAS.php:17]
C922 .|    => CAS_Client::__construct('2.0', false, 'cas-auth.rpi.edu', 443, '/cas', true) [CAS.php:379]
C922 .|    |    Starting a new session [Client.php:710]
C922 .|    <= ''
C922 .<= ''
C922 .=> phpCAS::setNoCasServerValidation() [CAS.php:18]
C922 .<= ''
C922 .=> phpCAS::forceAuthentication() [CAS.php:25]
C922 .|    => CAS_Client::forceAuthentication() [CAS.php:1081]
C922 .|    |    => CAS_Client::isAuthenticated() [Client.php:962]
C922 .|    |    |    => CAS_Client::wasPreviouslyAuthenticated() [Client.php:1058]
C922 .|    |    |    |    user = `lbassb' [Client.php:1229]
C922 .|    |    |    |    proxies = "" [Client.php:1234]
C922 .|    |    |    <= true
C922 .|    |    |    user was already authenticated, no need to look for tickets [Client.php:1069]
C922 .|    |    <= true
C922 .|    |    no need to authenticate [Client.php:964]
C922 .|    <= true
C922 .|    no need to authenticate (user `lbassb' is already authenticated) [CAS.php:1097]
C922 .<= ''
C922 .=> phpCAS::checkAuthentication() [CAS.php:39]
C922 .|    => CAS_Client::checkAuthentication() [CAS.php:1053]
C922 .|    |    => CAS_Client::isAuthenticated() [Client.php:1005]
C922 .|    |    |    => CAS_Client::wasPreviouslyAuthenticated() [Client.php:1058]
C922 .|    |    |    |    user = `lbassb' [Client.php:1229]
C922 .|    |    |    |    proxies = "" [Client.php:1234]
C922 .|    |    |    <= true
C922 .|    |    |    user was already authenticated, no need to look for tickets [Client.php:1069]
C922 .|    |    <= true
C922 .|    |    user is authenticated [Client.php:1006]
C922 .|    <= true
C922 .<= true
209C .START phpCAS-1.2.2 ****************** [CAS.php:478]
209C .=> phpCAS::client('2.0', 'cas-auth.rpi.edu', 443, '/cas') [CAS.php:17]
209C .|    => CAS_Client::__construct('2.0', false, 'cas-auth.rpi.edu', 443, '/cas', true) [CAS.php:379]
209C .|    |    Starting a new session [Client.php:710]
209C .|    <= ''
209C .<= ''
209C .=> phpCAS::setNoCasServerValidation() [CAS.php:18]
209C .<= ''
209C .=> phpCAS::forceAuthentication() [CAS.php:25]
209C .|    => CAS_Client::forceAuthentication() [CAS.php:1081]
209C .|    |    => CAS_Client::isAuthenticated() [Client.php:962]
209C .|    |    |    => CAS_Client::wasPreviouslyAuthenticated() [Client.php:1058]
209C .|    |    |    |    user = `lbassb' [Client.php:1229]
209C .|    |    |    |    proxies = "" [Client.php:1234]
209C .|    |    |    <= true
209C .|    |    |    user was already authenticated, no need to look for tickets [Client.php:1069]
209C .|    |    <= true
209C .|    |    no need to authenticate [Client.php:964]
209C .|    <= true
209C .|    no need to authenticate (user `lbassb' is already authenticated) [CAS.php:1097]
209C .<= ''
209C .=> phpCAS::checkAuthentication() [CAS.php:39]
209C .|    => CAS_Client::checkAuthentication() [CAS.php:1053]
209C .|    |    => CAS_Client::isAuthenticated() [Client.php:1005]
209C .|    |    |    => CAS_Client::wasPreviouslyAuthenticated() [Client.php:1058]
209C .|    |    |    |    user = `lbassb' [Client.php:1229]
209C .|    |    |    |    proxies = "" [Client.php:1234]
209C .|    |    |    <= true
209C .|    |    |    user was already authenticated, no need to look for tickets [Client.php:1069]
209C .|    |    <= true
209C .|    |    user is authenticated [Client.php:1006]
209C .|    <= true
209C .<= true
9EF7 .START phpCAS-1.2.2 ****************** [CAS.php:478]
9EF7 .=> phpCAS::client('2.0', 'cas-auth.rpi.edu', 443, '/cas') [CAS.php:17]
9EF7 .|    => CAS_Client::__construct('2.0', false, 'cas-auth.rpi.edu', 443, '/cas', true) [CAS.php:379]
9EF7 .|    |    Starting a new session [Client.php:710]
9EF7 .|    <= ''
9EF7 .<= ''
9EF7 .=> phpCAS::setNoCasServerValidation() [CAS.php:18]
9EF7 .<= ''
9EF7 .=> phpCAS::forceAuthentication() [CAS.php:25]
9EF7 .|    => CAS_Client::forceAuthentication() [CAS.php:1081]
9EF7 .|    |    => CAS_Client::isAuthenticated() [Client.php:962]
9EF7 .|    |    |    => CAS_Client::wasPreviouslyAuthenticated() [Client.php:1058]
9EF7 .|    |    |    |    user = `lbassb' [Client.php:1229]
9EF7 .|    |    |    |    proxies = "" [Client.php:1234]
9EF7 .|    |    |    <= true
9EF7 .|    |    |    user was already authenticated, no need to look for tickets [Client.php:1069]
9EF7 .|    |    <= true
9EF7 .|    |    no need to authenticate [Client.php:964]
9EF7 .|    <= true
9EF7 .|    no need to authenticate (user `lbassb' is already authenticated) [CAS.php:1097]
9EF7 .<= ''
9EF7 .=> phpCAS::checkAuthentication() [CAS.php:39]
9EF7 .|    => CAS_Client::checkAuthentication() [CAS.php:1053]
9EF7 .|    |    => CAS_Client::isAuthenticated() [Client.php:1005]
9EF7 .|    |    |    => CAS_Client::wasPreviouslyAuthenticated() [Client.php:1058]
9EF7 .|    |    |    |    user = `lbassb' [Client.php:1229]
9EF7 .|    |    |    |    proxies = "" [Client.php:1234]
9EF7 .|    |    |    <= true
9EF7 .|    |    |    user was already authenticated, no need to look for tickets [Client.php:1069]
9EF7 .|    |    <= true
9EF7 .|    |    user is authenticated [Client.php:1006]
9EF7 .|    <= true
9EF7 .<= true
2A49 .START phpCAS-1.2.2 ****************** [CAS.php:478]
2A49 .=> phpCAS::client('2.0', 'cas-auth.rpi.edu', 443, '/cas') [CAS.php:17]
2A49 .|    => CAS_Client::__construct('2.0', false, 'cas-auth.rpi.edu', 443, '/cas', true) [CAS.php:379]
2A49 .|    |    Starting a new session [Client.php:710]
2A49 .|    <= ''
2A49 .<= ''
2A49 .=> phpCAS::setNoCasServerValidation() [CAS.php:18]
2A49 .<= ''
2A49 .=> phpCAS::forceAuthentication() [CAS.php:25]
2A49 .|    => CAS_Client::forceAuthentication() [CAS.php:1081]
2A49 .|    |    => CAS_Client::isAuthenticated() [Client.php:962]
2A49 .|    |    |    => CAS_Client::wasPreviouslyAuthenticated() [Client.php:1058]
2A49 .|    |    |    |    user = `lbassb' [Client.php:1229]
2A49 .|    |    |    |    proxies = "" [Client.php:1234]
2A49 .|    |    |    <= true
2A49 .|    |    |    user was already authenticated, no need to look for tickets [Client.php:1069]
2A49 .|    |    <= true
2A49 .|    |    no need to authenticate [Client.php:964]
2A49 .|    <= true
2A49 .|    no need to authenticate (user `lbassb' is already authenticated) [CAS.php:1097]
2A49 .<= ''
2A49 .=> phpCAS::checkAuthentication() [CAS.php:39]
2A49 .|    => CAS_Client::checkAuthentication() [CAS.php:1053]
2A49 .|    |    => CAS_Client::isAuthenticated() [Client.php:1005]
2A49 .|    |    |    => CAS_Client::wasPreviouslyAuthenticated() [Client.php:1058]
2A49 .|    |    |    |    user = `lbassb' [Client.php:1229]
2A49 .|    |    |    |    proxies = "" [Client.php:1234]
2A49 .|    |    |    <= true
2A49 .|    |    |    user was already authenticated, no need to look for tickets [Client.php:1069]
2A49 .|    |    <= true
2A49 .|    |    user is authenticated [Client.php:1006]
2A49 .|    <= true
2A49 .<= true
F445 .START phpCAS-1.2.2 ****************** [CAS.php:478]
F445 .=> phpCAS::client('2.0', 'cas-auth.rpi.edu', 443, '/cas') [CAS.php:17]
F445 .|    => CAS_Client::__construct('2.0', false, 'cas-auth.rpi.edu', 443, '/cas', true) [CAS.php:379]
F445 .|    |    Starting a new session [Client.php:710]
F445 .|    <= ''
F445 .<= ''
F445 .=> phpCAS::setNoCasServerValidation() [CAS.php:18]
F445 .<= ''
F445 .=> phpCAS::forceAuthentication() [CAS.php:25]
F445 .|    => CAS_Client::forceAuthentication() [CAS.php:1081]
F445 .|    |    => CAS_Client::isAuthenticated() [Client.php:962]
F445 .|    |    |    => CAS_Client::wasPreviouslyAuthenticated() [Client.php:1058]
F445 .|    |    |    |    user = `lbassb' [Client.php:1229]
F445 .|    |    |    |    proxies = "" [Client.php:1234]
F445 .|    |    |    <= true
F445 .|    |    |    user was already authenticated, no need to look for tickets [Client.php:1069]
F445 .|    |    <= true
F445 .|    |    no need to authenticate [Client.php:964]
F445 .|    <= true
F445 .|    no need to authenticate (user `lbassb' is already authenticated) [CAS.php:1097]
F445 .<= ''
F445 .=> phpCAS::checkAuthentication() [CAS.php:39]
F445 .|    => CAS_Client::checkAuthentication() [CAS.php:1053]
F445 .|    |    => CAS_Client::isAuthenticated() [Client.php:1005]
F445 .|    |    |    => CAS_Client::wasPreviouslyAuthenticated() [Client.php:1058]
F445 .|    |    |    |    user = `lbassb' [Client.php:1229]
F445 .|    |    |    |    proxies = "" [Client.php:1234]
F445 .|    |    |    <= true
F445 .|    |    |    user was already authenticated, no need to look for tickets [Client.php:1069]
F445 .|    |    <= true
F445 .|    |    user is authenticated [Client.php:1006]
F445 .|    <= true
F445 .<= true
4D32 .START phpCAS-1.2.2 ****************** [CAS.php:478]
4D32 .=> phpCAS::client('2.0', 'cas-auth.rpi.edu', 443, '/cas') [CAS.php:17]
4D32 .|    => CAS_Client::__construct('2.0', false, 'cas-auth.rpi.edu', 443, '/cas', true) [CAS.php:379]
4D32 .|    |    Starting a new session [Client.php:710]
4D32 .|    <= ''
4D32 .<= ''
4D32 .=> phpCAS::setNoCasServerValidation() [CAS.php:18]
4D32 .<= ''
4D32 .=> phpCAS::forceAuthentication() [CAS.php:25]
4D32 .|    => CAS_Client::forceAuthentication() [CAS.php:1081]
4D32 .|    |    => CAS_Client::isAuthenticated() [Client.php:962]
4D32 .|    |    |    => CAS_Client::wasPreviouslyAuthenticated() [Client.php:1058]
4D32 .|    |    |    |    user = `lbassb' [Client.php:1229]
4D32 .|    |    |    |    proxies = "" [Client.php:1234]
4D32 .|    |    |    <= true
4D32 .|    |    |    user was already authenticated, no need to look for tickets [Client.php:1069]
4D32 .|    |    <= true
4D32 .|    |    no need to authenticate [Client.php:964]
4D32 .|    <= true
4D32 .|    no need to authenticate (user `lbassb' is already authenticated) [CAS.php:1097]
4D32 .<= ''
4D32 .=> phpCAS::checkAuthentication() [CAS.php:39]
4D32 .|    => CAS_Client::checkAuthentication() [CAS.php:1053]
4D32 .|    |    => CAS_Client::isAuthenticated() [Client.php:1005]
4D32 .|    |    |    => CAS_Client::wasPreviouslyAuthenticated() [Client.php:1058]
4D32 .|    |    |    |    user = `lbassb' [Client.php:1229]
4D32 .|    |    |    |    proxies = "" [Client.php:1234]
4D32 .|    |    |    <= true
4D32 .|    |    |    user was already authenticated, no need to look for tickets [Client.php:1069]
4D32 .|    |    <= true
4D32 .|    |    user is authenticated [Client.php:1006]
4D32 .|    <= true
4D32 .<= true
40FF .START phpCAS-1.2.2 ****************** [CAS.php:478]
40FF .=> phpCAS::client('2.0', 'cas-auth.rpi.edu', 443, '/cas') [CAS.php:17]
40FF .|    => CAS_Client::__construct('2.0', false, 'cas-auth.rpi.edu', 443, '/cas', true) [CAS.php:379]
40FF .|    |    Starting a new session [Client.php:710]
40FF .|    <= ''
40FF .<= ''
40FF .=> phpCAS::setNoCasServerValidation() [CAS.php:18]
40FF .<= ''
40FF .=> phpCAS::forceAuthentication() [CAS.php:25]
40FF .|    => CAS_Client::forceAuthentication() [CAS.php:1081]
40FF .|    |    => CAS_Client::isAuthenticated() [Client.php:962]
40FF .|    |    |    => CAS_Client::wasPreviouslyAuthenticated() [Client.php:1058]
40FF .|    |    |    |    user = `lbassb' [Client.php:1229]
40FF .|    |    |    |    proxies = "" [Client.php:1234]
40FF .|    |    |    <= true
40FF .|    |    |    user was already authenticated, no need to look for tickets [Client.php:1069]
40FF .|    |    <= true
40FF .|    |    no need to authenticate [Client.php:964]
40FF .|    <= true
40FF .|    no need to authenticate (user `lbassb' is already authenticated) [CAS.php:1097]
40FF .<= ''
40FF .=> phpCAS::checkAuthentication() [CAS.php:39]
40FF .|    => CAS_Client::checkAuthentication() [CAS.php:1053]
40FF .|    |    => CAS_Client::isAuthenticated() [Client.php:1005]
40FF .|    |    |    => CAS_Client::wasPreviouslyAuthenticated() [Client.php:1058]
40FF .|    |    |    |    user = `lbassb' [Client.php:1229]
40FF .|    |    |    |    proxies = "" [Client.php:1234]
40FF .|    |    |    <= true
40FF .|    |    |    user was already authenticated, no need to look for tickets [Client.php:1069]
40FF .|    |    <= true
40FF .|    |    user is authenticated [Client.php:1006]
40FF .|    <= true
40FF .<= true
F0C8 .START phpCAS-1.2.2 ****************** [CAS.php:478]
F0C8 .=> phpCAS::client('2.0', 'cas-auth.rpi.edu', 443, '/cas') [CAS.php:17]
F0C8 .|    => CAS_Client::__construct('2.0', false, 'cas-auth.rpi.edu', 443, '/cas', true) [CAS.php:379]
F0C8 .|    |    Starting a new session [Client.php:710]
F0C8 .|    <= ''
F0C8 .<= ''
F0C8 .=> phpCAS::setNoCasServerValidation() [CAS.php:18]
F0C8 .<= ''
F0C8 .=> phpCAS::forceAuthentication() [CAS.php:25]
F0C8 .|    => CAS_Client::forceAuthentication() [CAS.php:1081]
F0C8 .|    |    => CAS_Client::isAuthenticated() [Client.php:962]
F0C8 .|    |    |    => CAS_Client::wasPreviouslyAuthenticated() [Client.php:1058]
F0C8 .|    |    |    |    user = `lbassb' [Client.php:1229]
F0C8 .|    |    |    |    proxies = "" [Client.php:1234]
F0C8 .|    |    |    <= true
F0C8 .|    |    |    user was already authenticated, no need to look for tickets [Client.php:1069]
F0C8 .|    |    <= true
F0C8 .|    |    no need to authenticate [Client.php:964]
F0C8 .|    <= true
F0C8 .|    no need to authenticate (user `lbassb' is already authenticated) [CAS.php:1097]
F0C8 .<= ''
F0C8 .=> phpCAS::checkAuthentication() [CAS.php:39]
F0C8 .|    => CAS_Client::checkAuthentication() [CAS.php:1053]
F0C8 .|    |    => CAS_Client::isAuthenticated() [Client.php:1005]
F0C8 .|    |    |    => CAS_Client::wasPreviouslyAuthenticated() [Client.php:1058]
F0C8 .|    |    |    |    user = `lbassb' [Client.php:1229]
F0C8 .|    |    |    |    proxies = "" [Client.php:1234]
F0C8 .|    |    |    <= true
F0C8 .|    |    |    user was already authenticated, no need to look for tickets [Client.php:1069]
F0C8 .|    |    <= true
F0C8 .|    |    user is authenticated [Client.php:1006]
F0C8 .|    <= true
F0C8 .<= true
A1D4 .START phpCAS-1.2.2 ****************** [CAS.php:478]
A1D4 .=> phpCAS::client('2.0', 'cas-auth.rpi.edu', 443, '/cas') [CAS.php:17]
A1D4 .|    => CAS_Client::__construct('2.0', false, 'cas-auth.rpi.edu', 443, '/cas', true) [CAS.php:379]
A1D4 .|    |    Starting a new session [Client.php:710]
A1D4 .|    <= ''
A1D4 .<= ''
A1D4 .=> phpCAS::setNoCasServerValidation() [CAS.php:18]
A1D4 .<= ''
A1D4 .=> phpCAS::forceAuthentication() [CAS.php:25]
A1D4 .|    => CAS_Client::forceAuthentication() [CAS.php:1081]
A1D4 .|    |    => CAS_Client::isAuthenticated() [Client.php:962]
A1D4 .|    |    |    => CAS_Client::wasPreviouslyAuthenticated() [Client.php:1058]
A1D4 .|    |    |    |    user = `lbassb' [Client.php:1229]
A1D4 .|    |    |    |    proxies = "" [Client.php:1234]
A1D4 .|    |    |    <= true
A1D4 .|    |    |    user was already authenticated, no need to look for tickets [Client.php:1069]
A1D4 .|    |    <= true
A1D4 .|    |    no need to authenticate [Client.php:964]
A1D4 .|    <= true
A1D4 .|    no need to authenticate (user `lbassb' is already authenticated) [CAS.php:1097]
A1D4 .<= ''
A1D4 .=> phpCAS::checkAuthentication() [CAS.php:39]
A1D4 .|    => CAS_Client::checkAuthentication() [CAS.php:1053]
A1D4 .|    |    => CAS_Client::isAuthenticated() [Client.php:1005]
A1D4 .|    |    |    => CAS_Client::wasPreviouslyAuthenticated() [Client.php:1058]
A1D4 .|    |    |    |    user = `lbassb' [Client.php:1229]
A1D4 .|    |    |    |    proxies = "" [Client.php:1234]
A1D4 .|    |    |    <= true
A1D4 .|    |    |    user was already authenticated, no need to look for tickets [Client.php:1069]
A1D4 .|    |    <= true
A1D4 .|    |    user is authenticated [Client.php:1006]
A1D4 .|    <= true
A1D4 .<= true
4FCF .START phpCAS-1.2.2 ****************** [CAS.php:478]
4FCF .=> phpCAS::client('2.0', 'cas-auth.rpi.edu', 443, '/cas') [CAS.php:17]
4FCF .|    => CAS_Client::__construct('2.0', false, 'cas-auth.rpi.edu', 443, '/cas', true) [CAS.php:379]
4FCF .|    |    Starting a new session [Client.php:710]
4FCF .|    <= ''
4FCF .<= ''
4FCF .=> phpCAS::setNoCasServerValidation() [CAS.php:18]
4FCF .<= ''
4FCF .=> phpCAS::forceAuthentication() [CAS.php:25]
4FCF .|    => CAS_Client::forceAuthentication() [CAS.php:1081]
4FCF .|    |    => CAS_Client::isAuthenticated() [Client.php:962]
4FCF .|    |    |    => CAS_Client::wasPreviouslyAuthenticated() [Client.php:1058]
4FCF .|    |    |    |    user = `lbassb' [Client.php:1229]
4FCF .|    |    |    |    proxies = "" [Client.php:1234]
4FCF .|    |    |    <= true
4FCF .|    |    |    user was already authenticated, no need to look for tickets [Client.php:1069]
4FCF .|    |    <= true
4FCF .|    |    no need to authenticate [Client.php:964]
4FCF .|    <= true
4FCF .|    no need to authenticate (user `lbassb' is already authenticated) [CAS.php:1097]
4FCF .<= ''
4FCF .=> phpCAS::checkAuthentication() [CAS.php:39]
4FCF .|    => CAS_Client::checkAuthentication() [CAS.php:1053]
4FCF .|    |    => CAS_Client::isAuthenticated() [Client.php:1005]
4FCF .|    |    |    => CAS_Client::wasPreviouslyAuthenticated() [Client.php:1058]
4FCF .|    |    |    |    user = `lbassb' [Client.php:1229]
4FCF .|    |    |    |    proxies = "" [Client.php:1234]
4FCF .|    |    |    <= true
4FCF .|    |    |    user was already authenticated, no need to look for tickets [Client.php:1069]
4FCF .|    |    <= true
4FCF .|    |    user is authenticated [Client.php:1006]
4FCF .|    <= true
4FCF .<= true
D289 .START phpCAS-1.2.2 ****************** [CAS.php:478]
D289 .=> phpCAS::client('2.0', 'cas-auth.rpi.edu', 443, '/cas') [CAS.php:17]
D289 .|    => CAS_Client::__construct('2.0', false, 'cas-auth.rpi.edu', 443, '/cas', true) [CAS.php:379]
D289 .|    |    Starting a new session [Client.php:710]
D289 .|    <= ''
D289 .<= ''
D289 .=> phpCAS::setNoCasServerValidation() [CAS.php:18]
D289 .<= ''
D289 .=> phpCAS::forceAuthentication() [CAS.php:25]
D289 .|    => CAS_Client::forceAuthentication() [CAS.php:1081]
D289 .|    |    => CAS_Client::isAuthenticated() [Client.php:962]
D289 .|    |    |    => CAS_Client::wasPreviouslyAuthenticated() [Client.php:1058]
D289 .|    |    |    |    user = `lbassb' [Client.php:1229]
D289 .|    |    |    |    proxies = "" [Client.php:1234]
D289 .|    |    |    <= true
D289 .|    |    |    user was already authenticated, no need to look for tickets [Client.php:1069]
D289 .|    |    <= true
D289 .|    |    no need to authenticate [Client.php:964]
D289 .|    <= true
D289 .|    no need to authenticate (user `lbassb' is already authenticated) [CAS.php:1097]
D289 .<= ''
D289 .=> phpCAS::checkAuthentication() [CAS.php:39]
D289 .|    => CAS_Client::checkAuthentication() [CAS.php:1053]
D289 .|    |    => CAS_Client::isAuthenticated() [Client.php:1005]
D289 .|    |    |    => CAS_Client::wasPreviouslyAuthenticated() [Client.php:1058]
D289 .|    |    |    |    user = `lbassb' [Client.php:1229]
D289 .|    |    |    |    proxies = "" [Client.php:1234]
D289 .|    |    |    <= true
D289 .|    |    |    user was already authenticated, no need to look for tickets [Client.php:1069]
D289 .|    |    <= true
D289 .|    |    user is authenticated [Client.php:1006]
D289 .|    <= true
D289 .<= true
3F47 .START phpCAS-1.2.2 ****************** [CAS.php:478]
3F47 .=> phpCAS::client('2.0', 'cas-auth.rpi.edu', 443, '/cas') [CAS.php:17]
3F47 .|    => CAS_Client::__construct('2.0', false, 'cas-auth.rpi.edu', 443, '/cas', true) [CAS.php:379]
3F47 .|    |    Starting a new session [Client.php:710]
3F47 .|    <= ''
3F47 .<= ''
3F47 .=> phpCAS::setNoCasServerValidation() [CAS.php:18]
3F47 .<= ''
3F47 .=> phpCAS::forceAuthentication() [CAS.php:25]
3F47 .|    => CAS_Client::forceAuthentication() [CAS.php:1081]
3F47 .|    |    => CAS_Client::isAuthenticated() [Client.php:962]
3F47 .|    |    |    => CAS_Client::wasPreviouslyAuthenticated() [Client.php:1058]
3F47 .|    |    |    |    user = `lbassb' [Client.php:1229]
3F47 .|    |    |    |    proxies = "" [Client.php:1234]
3F47 .|    |    |    <= true
3F47 .|    |    |    user was already authenticated, no need to look for tickets [Client.php:1069]
3F47 .|    |    <= true
3F47 .|    |    no need to authenticate [Client.php:964]
3F47 .|    <= true
3F47 .|    no need to authenticate (user `lbassb' is already authenticated) [CAS.php:1097]
3F47 .<= ''
3F47 .=> phpCAS::checkAuthentication() [CAS.php:39]
3F47 .|    => CAS_Client::checkAuthentication() [CAS.php:1053]
3F47 .|    |    => CAS_Client::isAuthenticated() [Client.php:1005]
3F47 .|    |    |    => CAS_Client::wasPreviouslyAuthenticated() [Client.php:1058]
3F47 .|    |    |    |    user = `lbassb' [Client.php:1229]
3F47 .|    |    |    |    proxies = "" [Client.php:1234]
3F47 .|    |    |    <= true
3F47 .|    |    |    user was already authenticated, no need to look for tickets [Client.php:1069]
3F47 .|    |    <= true
3F47 .|    |    user is authenticated [Client.php:1006]
3F47 .|    <= true
3F47 .<= true
C54A .START phpCAS-1.2.2 ****************** [CAS.php:478]
C54A .=> phpCAS::client('2.0', 'cas-auth.rpi.edu', 443, '/cas') [CAS.php:17]
C54A .|    => CAS_Client::__construct('2.0', false, 'cas-auth.rpi.edu', 443, '/cas', true) [CAS.php:379]
C54A .|    |    Starting a new session [Client.php:710]
C54A .|    <= ''
C54A .<= ''
C54A .=> phpCAS::setNoCasServerValidation() [CAS.php:18]
C54A .<= ''
C54A .=> phpCAS::forceAuthentication() [CAS.php:25]
C54A .|    => CAS_Client::forceAuthentication() [CAS.php:1081]
C54A .|    |    => CAS_Client::isAuthenticated() [Client.php:962]
C54A .|    |    |    => CAS_Client::wasPreviouslyAuthenticated() [Client.php:1058]
C54A .|    |    |    |    user = `lbassb' [Client.php:1229]
C54A .|    |    |    |    proxies = "" [Client.php:1234]
C54A .|    |    |    <= true
C54A .|    |    |    user was already authenticated, no need to look for tickets [Client.php:1069]
C54A .|    |    <= true
C54A .|    |    no need to authenticate [Client.php:964]
C54A .|    <= true
C54A .|    no need to authenticate (user `lbassb' is already authenticated) [CAS.php:1097]
C54A .<= ''
C54A .=> phpCAS::checkAuthentication() [CAS.php:39]
C54A .|    => CAS_Client::checkAuthentication() [CAS.php:1053]
C54A .|    |    => CAS_Client::isAuthenticated() [Client.php:1005]
C54A .|    |    |    => CAS_Client::wasPreviouslyAuthenticated() [Client.php:1058]
C54A .|    |    |    |    user = `lbassb' [Client.php:1229]
C54A .|    |    |    |    proxies = "" [Client.php:1234]
C54A .|    |    |    <= true
C54A .|    |    |    user was already authenticated, no need to look for tickets [Client.php:1069]
C54A .|    |    <= true
C54A .|    |    user is authenticated [Client.php:1006]
C54A .|    <= true
C54A .<= true
7651 .START phpCAS-1.2.2 ****************** [CAS.php:478]
7651 .=> phpCAS::client('2.0', 'cas-auth.rpi.edu', 443, '/cas') [CAS.php:17]
7651 .|    => CAS_Client::__construct('2.0', false, 'cas-auth.rpi.edu', 443, '/cas', true) [CAS.php:379]
7651 .|    |    Starting a new session [Client.php:710]
7651 .|    <= ''
7651 .<= ''
7651 .=> phpCAS::setNoCasServerValidation() [CAS.php:18]
7651 .<= ''
7651 .=> phpCAS::logout() [CAS.php:32]
7651 .|    => CAS_Client::logout(array ()) [CAS.php:1451]
7651 .|    |    Prepare redirect to : https://cas-auth.rpi.edu/cas/logout [Client.php:1285]
7651 .|    |    exit()
7651 .|    |    -
7651 .|    -
FF6D .START phpCAS-1.2.2 ****************** [CAS.php:478]
FF6D .=> phpCAS::client('2.0', 'cas-auth.rpi.edu', 443, '/cas') [CAS.php:17]
FF6D .|    => CAS_Client::__construct('2.0', false, 'cas-auth.rpi.edu', 443, '/cas', true) [CAS.php:379]
FF6D .|    |    Starting a new session [Client.php:710]
FF6D .|    <= ''
FF6D .<= ''
FF6D .=> phpCAS::setNoCasServerValidation() [CAS.php:18]
FF6D .<= ''
FF6D .=> phpCAS::forceAuthentication() [CAS.php:25]
FF6D .|    => CAS_Client::forceAuthentication() [CAS.php:1081]
FF6D .|    |    => CAS_Client::isAuthenticated() [Client.php:962]
FF6D .|    |    |    => CAS_Client::wasPreviouslyAuthenticated() [Client.php:1058]
FF6D .|    |    |    |    no user found [Client.php:1239]
FF6D .|    |    |    <= false
FF6D .|    |    |    no ticket found [Client.php:1120]
FF6D .|    |    <= false
FF6D .|    |    => CAS_Client::redirectToCas(false) [Client.php:971]
FF6D .|    |    |    => CAS_Client::getServerLoginURL(false, false) [Client.php:1255]
FF6D .|    |    |    |    => CAS_Client::getURL() [Client.php:356]
FF6D .|    |    |    |    |    Final URI: http://test.sdd/?login= [Client.php:2886]
FF6D .|    |    |    |    <= 'http://test.sdd/?login='
FF6D .|    |    |    <= 'https://cas-auth.rpi.edu/cas/login?service=http%3A%2F%2Ftest.sdd%2F%3Flogin%3D'
FF6D .|    |    |    Redirect to : https://cas-auth.rpi.edu/cas/login?service=http%3A%2F%2Ftest.sdd%2F%3Flogin%3D [Client.php:1257]
FF6D .|    |    |    exit()
FF6D .|    |    |    -
FF6D .|    |    -
FF6D .|    -
30E0 .START phpCAS-1.2.2 ****************** [CAS.php:478]
30E0 .=> phpCAS::client('2.0', 'cas-auth.rpi.edu', 443, '/cas') [CAS.php:17]
30E0 .|    => CAS_Client::__construct('2.0', false, 'cas-auth.rpi.edu', 443, '/cas', true) [CAS.php:379]
30E0 .|    |    Starting a new session [Client.php:710]
30E0 .|    <= ''
30E0 .<= ''
30E0 .=> phpCAS::setNoCasServerValidation() [CAS.php:18]
30E0 .<= ''
30E0 .=> phpCAS::forceAuthentication() [CAS.php:25]
30E0 .|    => CAS_Client::forceAuthentication() [CAS.php:1081]
30E0 .|    |    => CAS_Client::isAuthenticated() [Client.php:962]
30E0 .|    |    |    => CAS_Client::wasPreviouslyAuthenticated() [Client.php:1058]
30E0 .|    |    |    |    no user found [Client.php:1239]
30E0 .|    |    |    <= false
30E0 .|    |    |    no ticket found [Client.php:1120]
30E0 .|    |    <= false
30E0 .|    |    => CAS_Client::redirectToCas(false) [Client.php:971]
30E0 .|    |    |    => CAS_Client::getServerLoginURL(false, false) [Client.php:1255]
30E0 .|    |    |    |    => CAS_Client::getURL() [Client.php:356]
30E0 .|    |    |    |    |    Final URI: http://test.sdd/?login= [Client.php:2886]
30E0 .|    |    |    |    <= 'http://test.sdd/?login='
30E0 .|    |    |    <= 'https://cas-auth.rpi.edu/cas/login?service=http%3A%2F%2Ftest.sdd%2F%3Flogin%3D'
30E0 .|    |    |    Redirect to : https://cas-auth.rpi.edu/cas/login?service=http%3A%2F%2Ftest.sdd%2F%3Flogin%3D [Client.php:1257]
30E0 .|    |    |    exit()
30E0 .|    |    |    -
30E0 .|    |    -
30E0 .|    -
8347 .START phpCAS-1.2.2 ****************** [CAS.php:478]
8347 .=> phpCAS::client('2.0', 'cas-auth.rpi.edu', 443, '/cas') [CAS.php:17]
8347 .|    => CAS_Client::__construct('2.0', false, 'cas-auth.rpi.edu', 443, '/cas', true) [CAS.php:379]
8347 .|    |    Starting a new session [Client.php:710]
8347 .|    <= ''
8347 .<= ''
8347 .=> phpCAS::setNoCasServerValidation() [CAS.php:18]
8347 .<= ''
8347 .=> phpCAS::checkAuthentication() [CAS.php:39]
8347 .|    => CAS_Client::checkAuthentication() [CAS.php:1053]
8347 .|    |    => CAS_Client::isAuthenticated() [Client.php:1005]
8347 .|    |    |    => CAS_Client::wasPreviouslyAuthenticated() [Client.php:1058]
8347 .|    |    |    |    no user found [Client.php:1239]
8347 .|    |    |    <= false
8347 .|    |    |    no ticket found [Client.php:1120]
8347 .|    |    <= false
8347 .|    |    user is not authenticated (cache reset) [Client.php:1036]
8347 .|    |    => CAS_Client::redirectToCas(true) [Client.php:1037]
8347 .|    |    |    => CAS_Client::getServerLoginURL(true, false) [Client.php:1255]
8347 .|    |    |    |    => CAS_Client::getURL() [Client.php:356]
8347 .|    |    |    |    |    Final URI: http://test.sdd/ [Client.php:2886]
8347 .|    |    |    |    <= 'http://test.sdd/'
8347 .|    |    |    <= 'https://cas-auth.rpi.edu/cas/login?service=http%3A%2F%2Ftest.sdd%2F&gateway=true'
8347 .|    |    |    Redirect to : https://cas-auth.rpi.edu/cas/login?service=http%3A%2F%2Ftest.sdd%2F&gateway=true [Client.php:1257]
8347 .|    |    |    exit()
8347 .|    |    |    -
8347 .|    |    -
8347 .|    -
CA34 .START phpCAS-1.2.2 ****************** [CAS.php:478]
CA34 .=> phpCAS::client('2.0', 'cas-auth.rpi.edu', 443, '/cas') [CAS.php:17]
CA34 .|    => CAS_Client::__construct('2.0', false, 'cas-auth.rpi.edu', 443, '/cas', true) [CAS.php:379]
CA34 .|    |    Starting a new session [Client.php:710]
CA34 .|    <= ''
CA34 .<= ''
CA34 .=> phpCAS::setNoCasServerValidation() [CAS.php:18]
CA34 .<= ''
CA34 .=> phpCAS::checkAuthentication() [CAS.php:39]
CA34 .|    => CAS_Client::checkAuthentication() [CAS.php:1053]
CA34 .|    |    => CAS_Client::isAuthenticated() [Client.php:1005]
CA34 .|    |    |    => CAS_Client::wasPreviouslyAuthenticated() [Client.php:1058]
CA34 .|    |    |    |    no user found [Client.php:1239]
CA34 .|    |    |    <= false
CA34 .|    |    |    no ticket found [Client.php:1120]
CA34 .|    |    <= false
CA34 .|    <= false
CA34 .<= false
4251 .START phpCAS-1.2.2 ****************** [CAS.php:478]
4251 .=> phpCAS::client('2.0', 'cas-auth.rpi.edu', 443, '/cas') [CAS.php:17]
4251 .|    => CAS_Client::__construct('2.0', false, 'cas-auth.rpi.edu', 443, '/cas', true) [CAS.php:379]
4251 .|    |    Starting a new session [Client.php:710]
4251 .|    <= ''
4251 .<= ''
4251 .=> phpCAS::setNoCasServerValidation() [CAS.php:18]
4251 .<= ''
4251 .=> phpCAS::checkAuthentication() [CAS.php:39]
4251 .|    => CAS_Client::checkAuthentication() [CAS.php:1053]
4251 .|    |    => CAS_Client::isAuthenticated() [Client.php:1005]
4251 .|    |    |    => CAS_Client::wasPreviouslyAuthenticated() [Client.php:1058]
4251 .|    |    |    |    no user found [Client.php:1239]
4251 .|    |    |    <= false
4251 .|    |    |    no ticket found [Client.php:1120]
4251 .|    |    <= false
4251 .|    |    user is not authenticated (cache reset) [Client.php:1036]
4251 .|    |    => CAS_Client::redirectToCas(true) [Client.php:1037]
4251 .|    |    |    => CAS_Client::getServerLoginURL(true, false) [Client.php:1255]
4251 .|    |    |    |    => CAS_Client::getURL() [Client.php:356]
4251 .|    |    |    |    |    Final URI: http://test.sdd/ [Client.php:2886]
4251 .|    |    |    |    <= 'http://test.sdd/'
4251 .|    |    |    <= 'https://cas-auth.rpi.edu/cas/login?service=http%3A%2F%2Ftest.sdd%2F&gateway=true'
4251 .|    |    |    Redirect to : https://cas-auth.rpi.edu/cas/login?service=http%3A%2F%2Ftest.sdd%2F&gateway=true [Client.php:1257]
4251 .|    |    |    exit()
4251 .|    |    |    -
4251 .|    |    -
4251 .|    -
6D68 .START phpCAS-1.2.2 ****************** [CAS.php:478]
6D68 .=> phpCAS::client('2.0', 'cas-auth.rpi.edu', 443, '/cas') [CAS.php:17]
6D68 .|    => CAS_Client::__construct('2.0', false, 'cas-auth.rpi.edu', 443, '/cas', true) [CAS.php:379]
6D68 .|    |    Starting a new session [Client.php:710]
6D68 .|    <= ''
6D68 .<= ''
6D68 .=> phpCAS::setNoCasServerValidation() [CAS.php:18]
6D68 .<= ''
6D68 .=> phpCAS::checkAuthentication() [CAS.php:39]
6D68 .|    => CAS_Client::checkAuthentication() [CAS.php:1053]
6D68 .|    |    => CAS_Client::isAuthenticated() [Client.php:1005]
6D68 .|    |    |    => CAS_Client::wasPreviouslyAuthenticated() [Client.php:1058]
6D68 .|    |    |    |    no user found [Client.php:1239]
6D68 .|    |    |    <= false
6D68 .|    |    |    no ticket found [Client.php:1120]
6D68 .|    |    <= false
6D68 .|    <= false
6D68 .<= false
97A1 .START phpCAS-1.2.2 ****************** [CAS.php:478]
97A1 .=> phpCAS::client('2.0', 'cas-auth.rpi.edu', 443, '/cas') [CAS.php:17]
97A1 .|    => CAS_Client::__construct('2.0', false, 'cas-auth.rpi.edu', 443, '/cas', true) [CAS.php:379]
97A1 .|    |    Starting a new session [Client.php:710]
97A1 .|    <= ''
97A1 .<= ''
97A1 .=> phpCAS::setNoCasServerValidation() [CAS.php:18]
97A1 .<= ''
97A1 .=> phpCAS::forceAuthentication() [CAS.php:25]
97A1 .|    => CAS_Client::forceAuthentication() [CAS.php:1081]
97A1 .|    |    => CAS_Client::isAuthenticated() [Client.php:962]
97A1 .|    |    |    => CAS_Client::wasPreviouslyAuthenticated() [Client.php:1058]
97A1 .|    |    |    |    no user found [Client.php:1239]
97A1 .|    |    |    <= false
97A1 .|    |    |    no ticket found [Client.php:1120]
97A1 .|    |    <= false
97A1 .|    |    => CAS_Client::redirectToCas(false) [Client.php:971]
97A1 .|    |    |    => CAS_Client::getServerLoginURL(false, false) [Client.php:1255]
97A1 .|    |    |    |    => CAS_Client::getURL() [Client.php:356]
97A1 .|    |    |    |    |    Final URI: http://test.sdd/?login= [Client.php:2886]
97A1 .|    |    |    |    <= 'http://test.sdd/?login='
97A1 .|    |    |    <= 'https://cas-auth.rpi.edu/cas/login?service=http%3A%2F%2Ftest.sdd%2F%3Flogin%3D'
97A1 .|    |    |    Redirect to : https://cas-auth.rpi.edu/cas/login?service=http%3A%2F%2Ftest.sdd%2F%3Flogin%3D [Client.php:1257]
97A1 .|    |    |    exit()
97A1 .|    |    |    -
97A1 .|    |    -
97A1 .|    -
49C2 .START phpCAS-1.2.2 ****************** [CAS.php:478]
49C2 .=> phpCAS::client('2.0', 'cas-auth.rpi.edu', 443, '/cas') [CAS.php:17]
49C2 .|    => CAS_Client::__construct('2.0', false, 'cas-auth.rpi.edu', 443, '/cas', true) [CAS.php:379]
49C2 .|    |    Starting a new session [Client.php:710]
49C2 .|    |    ST or PT 'ST-53910-eR3c1BzH5TsYjhSeMzhl-cas' found [Client.php:796]
49C2 .|    <= ''
49C2 .<= ''
49C2 .=> phpCAS::setNoCasServerValidation() [CAS.php:18]
49C2 .<= ''
49C2 .=> phpCAS::forceAuthentication() [CAS.php:25]
49C2 .|    => CAS_Client::forceAuthentication() [CAS.php:1081]
49C2 .|    |    => CAS_Client::isAuthenticated() [Client.php:962]
49C2 .|    |    |    => CAS_Client::wasPreviouslyAuthenticated() [Client.php:1058]
49C2 .|    |    |    |    no user found [Client.php:1239]
49C2 .|    |    |    <= false
49C2 .|    |    |    PT `ST-53910-eR3c1BzH5TsYjhSeMzhl-cas' is present [Client.php:1093]
49C2 .|    |    |    => CAS_Client::validatePT('', NULL, NULL) [Client.php:1094]
49C2 .|    |    |    |     [Client.php:2584]
49C2 .|    |    |    |    => CAS_Client::getServerProxyValidateURL() [Client.php:2586]
49C2 .|    |    |    |    |    => CAS_Client::getURL() [Client.php:475]
49C2 .|    |    |    |    |    |    Final URI: http://test.sdd/?login= [Client.php:2886]
49C2 .|    |    |    |    |    <= 'http://test.sdd/?login='
49C2 .|    |    |    |    <= 'https://cas-auth.rpi.edu/cas/proxyValidate?service=http%3A%2F%2Ftest.sdd%2F%3Flogin%3D'
49C2 .|    |    |    |    => CAS_CurlRequest::_sendRequest() [AbstractRequest.php:191]
49C2 .|    |    |    |    |    Response Body: 
49C2 .|    |    |    |    |    <cas:serviceResponse xmlns:cas='http://www.yale.edu/tp/cas'>
49C2 .|    |    |    |    |    	<cas:authenticationSuccess>
49C2 .|    |    |    |    |    		<cas:user>lbassb</cas:user>
49C2 .|    |    |    |    |    
49C2 .|    |    |    |    |    
49C2 .|    |    |    |    |    	</cas:authenticationSuccess>
49C2 .|    |    |    |    |    </cas:serviceResponse>
49C2 .|    |    |    |    |     [CurlRequest.php:133]
49C2 .|    |    |    |    <= true
49C2 .|    |    |    |    => CAS_Client::readExtraAttributesCas20(DOMNodeList) [Client.php:2646]
49C2 .|    |    |    |    |    Testing for rubycas style attributes [Client.php:2741]
49C2 .|    |    |    |    <= ''
49C2 .|    |    |    |    => CAS_Client::renameSession('ST-53910-eR3c1BzH5TsYjhSeMzhl-cas') [Client.php:2675]
49C2 .|    |    |    |    |    Session ID: ST53910eR3c1BzH5TsYjhSeMzhlcas [Client.php:2977]
49C2 .|    |    |    |    |    Restoring old session vars [Client.php:2980]
49C2 .|    |    |    |    <= ''
49C2 .|    |    |    <= true
49C2 .|    |    |    PT `ST-53910-eR3c1BzH5TsYjhSeMzhl-cas' was validated [Client.php:1095]
49C2 .|    |    |    => CAS_Client::getURL() [Client.php:1146]
49C2 .|    |    |    <= 'http://test.sdd/?login='
49C2 .|    |    |    => CAS_Client::getURL() [Client.php:1147]
49C2 .|    |    |    <= 'http://test.sdd/?login='
49C2 .|    |    |    Prepare redirect to : http://test.sdd/?login= [Client.php:1147]
49C2 .|    |    |    exit()
49C2 .|    |    |    -
49C2 .|    |    -
49C2 .|    -
F1ED .START phpCAS-1.2.2 ****************** [CAS.php:478]
F1ED .=> phpCAS::client('2.0', 'cas-auth.rpi.edu', 443, '/cas') [CAS.php:17]
F1ED .|    => CAS_Client::__construct('2.0', false, 'cas-auth.rpi.edu', 443, '/cas', true) [CAS.php:379]
F1ED .|    |    Starting a new session [Client.php:710]
F1ED .|    <= ''
F1ED .<= ''
F1ED .=> phpCAS::setNoCasServerValidation() [CAS.php:18]
F1ED .<= ''
F1ED .=> phpCAS::forceAuthentication() [CAS.php:25]
F1ED .|    => CAS_Client::forceAuthentication() [CAS.php:1081]
F1ED .|    |    => CAS_Client::isAuthenticated() [Client.php:962]
F1ED .|    |    |    => CAS_Client::wasPreviouslyAuthenticated() [Client.php:1058]
F1ED .|    |    |    |    user = `lbassb' [Client.php:1229]
F1ED .|    |    |    |    proxies = "" [Client.php:1234]
F1ED .|    |    |    <= true
F1ED .|    |    |    user was already authenticated, no need to look for tickets [Client.php:1069]
F1ED .|    |    <= true
F1ED .|    |    no need to authenticate [Client.php:964]
F1ED .|    <= true
F1ED .|    no need to authenticate (user `lbassb' is already authenticated) [CAS.php:1097]
F1ED .<= ''
F1ED .=> phpCAS::checkAuthentication() [CAS.php:39]
F1ED .|    => CAS_Client::checkAuthentication() [CAS.php:1053]
F1ED .|    |    => CAS_Client::isAuthenticated() [Client.php:1005]
F1ED .|    |    |    => CAS_Client::wasPreviouslyAuthenticated() [Client.php:1058]
F1ED .|    |    |    |    user = `lbassb' [Client.php:1229]
F1ED .|    |    |    |    proxies = "" [Client.php:1234]
F1ED .|    |    |    <= true
F1ED .|    |    |    user was already authenticated, no need to look for tickets [Client.php:1069]
F1ED .|    |    <= true
F1ED .|    |    user is authenticated [Client.php:1006]
F1ED .|    <= true
F1ED .<= true
DED8 .START phpCAS-1.2.2 ****************** [CAS.php:478]
DED8 .=> phpCAS::client('2.0', 'cas-auth.rpi.edu', 443, '/cas') [CAS.php:17]
DED8 .|    => CAS_Client::__construct('2.0', false, 'cas-auth.rpi.edu', 443, '/cas', true) [CAS.php:379]
DED8 .|    |    Starting a new session [Client.php:710]
DED8 .|    <= ''
DED8 .<= ''
DED8 .=> phpCAS::setNoCasServerValidation() [CAS.php:18]
DED8 .<= ''
DED8 .=> phpCAS::forceAuthentication() [CAS.php:25]
DED8 .|    => CAS_Client::forceAuthentication() [CAS.php:1081]
DED8 .|    |    => CAS_Client::isAuthenticated() [Client.php:962]
DED8 .|    |    |    => CAS_Client::wasPreviouslyAuthenticated() [Client.php:1058]
DED8 .|    |    |    |    user = `lbassb' [Client.php:1229]
DED8 .|    |    |    |    proxies = "" [Client.php:1234]
DED8 .|    |    |    <= true
DED8 .|    |    |    user was already authenticated, no need to look for tickets [Client.php:1069]
DED8 .|    |    <= true
DED8 .|    |    no need to authenticate [Client.php:964]
DED8 .|    <= true
DED8 .|    no need to authenticate (user `lbassb' is already authenticated) [CAS.php:1097]
DED8 .<= ''
DED8 .=> phpCAS::checkAuthentication() [CAS.php:39]
DED8 .|    => CAS_Client::checkAuthentication() [CAS.php:1053]
DED8 .|    |    => CAS_Client::isAuthenticated() [Client.php:1005]
DED8 .|    |    |    => CAS_Client::wasPreviouslyAuthenticated() [Client.php:1058]
DED8 .|    |    |    |    user = `lbassb' [Client.php:1229]
DED8 .|    |    |    |    proxies = "" [Client.php:1234]
DED8 .|    |    |    <= true
DED8 .|    |    |    user was already authenticated, no need to look for tickets [Client.php:1069]
DED8 .|    |    <= true
DED8 .|    |    user is authenticated [Client.php:1006]
DED8 .|    <= true
DED8 .<= true
498C .START phpCAS-1.2.2 ****************** [CAS.php:478]
498C .=> phpCAS::client('2.0', 'cas-auth.rpi.edu', 443, '/cas') [CAS.php:17]
498C .|    => CAS_Client::__construct('2.0', false, 'cas-auth.rpi.edu', 443, '/cas', true) [CAS.php:379]
498C .|    |    Starting a new session [Client.php:710]
498C .|    <= ''
498C .<= ''
498C .=> phpCAS::setNoCasServerValidation() [CAS.php:18]
498C .<= ''
498C .=> phpCAS::forceAuthentication() [CAS.php:25]
498C .|    => CAS_Client::forceAuthentication() [CAS.php:1081]
498C .|    |    => CAS_Client::isAuthenticated() [Client.php:962]
498C .|    |    |    => CAS_Client::wasPreviouslyAuthenticated() [Client.php:1058]
498C .|    |    |    |    user = `lbassb' [Client.php:1229]
498C .|    |    |    |    proxies = "" [Client.php:1234]
498C .|    |    |    <= true
498C .|    |    |    user was already authenticated, no need to look for tickets [Client.php:1069]
498C .|    |    <= true
498C .|    |    no need to authenticate [Client.php:964]
498C .|    <= true
498C .|    no need to authenticate (user `lbassb' is already authenticated) [CAS.php:1097]
498C .<= ''
498C .=> phpCAS::checkAuthentication() [CAS.php:39]
498C .|    => CAS_Client::checkAuthentication() [CAS.php:1053]
498C .|    |    => CAS_Client::isAuthenticated() [Client.php:1005]
498C .|    |    |    => CAS_Client::wasPreviouslyAuthenticated() [Client.php:1058]
498C .|    |    |    |    user = `lbassb' [Client.php:1229]
498C .|    |    |    |    proxies = "" [Client.php:1234]
498C .|    |    |    <= true
498C .|    |    |    user was already authenticated, no need to look for tickets [Client.php:1069]
498C .|    |    <= true
498C .|    |    user is authenticated [Client.php:1006]
498C .|    <= true
498C .<= true
